[INFO] Scanning for projects...
[INFO] 
[INFO] ---------------------< com.openclassrooms:mdd-api >---------------------
[INFO] Building mdd-api 0.0.1-SNAPSHOT
[INFO] --------------------------------[ jar ]---------------------------------
[INFO] 
[INFO] >>> spring-boot-maven-plugin:2.7.3:run (default-cli) > test-compile @ mdd-api >>>
[INFO] 
[INFO] --- maven-resources-plugin:3.2.0:resources (default-resources) @ mdd-api ---
[INFO] Using 'UTF-8' encoding to copy filtered resources.
[INFO] Using 'UTF-8' encoding to copy filtered properties files.
[INFO] Copying 1 resource
[INFO] Copying 0 resource
[INFO] 
[INFO] --- maven-compiler-plugin:3.10.1:compile (default-compile) @ mdd-api ---
[INFO] Nothing to compile - all classes are up to date
[INFO] 
[INFO] --- maven-resources-plugin:3.2.0:testResources (default-testResources) @ mdd-api ---
[INFO] Using 'UTF-8' encoding to copy filtered resources.
[INFO] Using 'UTF-8' encoding to copy filtered properties files.
[INFO] skip non existing resourceDirectory /home/antoine/Documents/Formation/Openclassrooms/Projet_6/Developpez-une-application-full-stack-complete/back/src/test/resources
[INFO] 
[INFO] --- maven-compiler-plugin:3.10.1:testCompile (default-testCompile) @ mdd-api ---
[INFO] Nothing to compile - all classes are up to date
[INFO] 
[INFO] <<< spring-boot-maven-plugin:2.7.3:run (default-cli) < test-compile @ mdd-api <<<
[INFO] 
[INFO] 
[INFO] --- spring-boot-maven-plugin:2.7.3:run (default-cli) @ mdd-api ---
[INFO] Attaching agents: []

  .   ____          _            __ _ _
 /\\ / ___'_ __ _ _(_)_ __  __ _ \ \ \ \
( ( )\___ | '_ | '_| | '_ \/ _` | \ \ \ \
 \\/  ___)| |_)| | | | | || (_| |  ) ) ) )
  '  |____| .__|_| |_|_| |_\__, | / / / /
 =========|_|==============|___/=/_/_/_/
 :: Spring Boot ::                (v2.7.3)

2025-09-12 15:32:11.138  INFO 13653 --- [           main] c.o.mddapi.MddApiApplication             : Starting MddApiApplication using Java 21.0.6 on whispeak-G3-3590 with PID 13653 (/home/antoine/Documents/Formation/Openclassrooms/Projet_6/Developpez-une-application-full-stack-complete/back/target/classes started by antoine in /home/antoine/Documents/Formation/Openclassrooms/Projet_6/Developpez-une-application-full-stack-complete/back)
2025-09-12 15:32:11.139  INFO 13653 --- [           main] c.o.mddapi.MddApiApplication             : No active profile set, falling back to 1 default profile: "default"
2025-09-12 15:32:11.589  INFO 13653 --- [           main] .s.d.r.c.RepositoryConfigurationDelegate : Bootstrapping Spring Data JPA repositories in DEFAULT mode.
2025-09-12 15:32:11.621  INFO 13653 --- [           main] .s.d.r.c.RepositoryConfigurationDelegate : Finished Spring Data repository scanning in 27 ms. Found 4 JPA repository interfaces.
2025-09-12 15:32:11.968  INFO 13653 --- [           main] o.s.b.w.embedded.tomcat.TomcatWebServer  : Tomcat initialized with port(s): 8080 (http)
2025-09-12 15:32:11.975  INFO 13653 --- [           main] o.apache.catalina.core.StandardService   : Starting service [Tomcat]
2025-09-12 15:32:11.975  INFO 13653 --- [           main] org.apache.catalina.core.StandardEngine  : Starting Servlet engine: [Apache Tomcat/9.0.65]
2025-09-12 15:32:12.036  INFO 13653 --- [           main] o.a.c.c.C.[Tomcat].[localhost].[/]       : Initializing Spring embedded WebApplicationContext
2025-09-12 15:32:12.036  INFO 13653 --- [           main] w.s.c.ServletWebServerApplicationContext : Root WebApplicationContext: initialization completed in 867 ms
2025-09-12 15:32:12.141  INFO 13653 --- [           main] o.hibernate.jpa.internal.util.LogHelper  : HHH000204: Processing PersistenceUnitInfo [name: default]
2025-09-12 15:32:12.167  INFO 13653 --- [           main] org.hibernate.Version                    : HHH000412: Hibernate ORM core version 5.6.10.Final
2025-09-12 15:32:12.248  INFO 13653 --- [           main] o.hibernate.annotations.common.Version   : HCANN000001: Hibernate Commons Annotations {5.1.2.Final}
2025-09-12 15:32:12.307  INFO 13653 --- [           main] com.zaxxer.hikari.HikariDataSource       : HikariPool-1 - Starting...
2025-09-12 15:32:12.533  INFO 13653 --- [           main] com.zaxxer.hikari.HikariDataSource       : HikariPool-1 - Start completed.
2025-09-12 15:32:12.543  INFO 13653 --- [           main] org.hibernate.dialect.Dialect            : HHH000400: Using dialect: org.hibernate.dialect.MySQLDialect
2025-09-12 15:32:12.977  INFO 13653 --- [           main] o.h.e.t.j.p.i.JtaPlatformInitiator       : HHH000490: Using JtaPlatform implementation: [org.hibernate.engine.transaction.jta.platform.internal.NoJtaPlatform]
2025-09-12 15:32:12.982  INFO 13653 --- [           main] j.LocalContainerEntityManagerFactoryBean : Initialized JPA EntityManagerFactory for persistence unit 'default'
2025-09-12 15:32:13.334  INFO 13653 --- [           main] o.s.s.web.DefaultSecurityFilterChain     : Will secure any request with [org.springframework.security.web.session.DisableEncodeUrlFilter@4c0ab04f, org.springframework.security.web.context.request.async.WebAsyncManagerIntegrationFilter@384f0e32, org.springframework.security.web.context.SecurityContextPersistenceFilter@e2ee348, org.springframework.security.web.header.HeaderWriterFilter@7c6fc278, org.springframework.security.web.authentication.logout.LogoutFilter@2a9e7b4d, org.springframework.security.oauth2.server.resource.web.BearerTokenAuthenticationFilter@4056cdb2, org.springframework.security.web.savedrequest.RequestCacheAwareFilter@1a1f22f2, org.springframework.security.web.servletapi.SecurityContextHolderAwareRequestFilter@4853f592, org.springframework.security.web.authentication.AnonymousAuthenticationFilter@4e826fd4, org.springframework.security.web.session.SessionManagementFilter@1abea1ed, org.springframework.security.web.access.ExceptionTranslationFilter@448fa659, org.springframework.security.web.access.intercept.AuthorizationFilter@623ded82]
2025-09-12 15:32:13.414  WARN 13653 --- [           main] JpaBaseConfiguration$JpaWebConfiguration : spring.jpa.open-in-view is enabled by default. Therefore, database queries may be performed during view rendering. Explicitly configure spring.jpa.open-in-view to disable this warning
2025-09-12 15:32:13.655  WARN 13653 --- [           main] ConfigServletWebServerApplicationContext : Exception encountered during context initialization - cancelling refresh attempt: org.springframework.context.ApplicationContextException: Failed to start bean 'webServerStartStop'; nested exception is org.springframework.boot.web.server.WebServerException: Unable to start embedded Tomcat server
2025-09-12 15:32:13.657  INFO 13653 --- [           main] j.LocalContainerEntityManagerFactoryBean : Closing JPA EntityManagerFactory for persistence unit 'default'
2025-09-12 15:32:13.658  INFO 13653 --- [           main] com.zaxxer.hikari.HikariDataSource       : HikariPool-1 - Shutdown initiated...
2025-09-12 15:32:13.662  INFO 13653 --- [           main] com.zaxxer.hikari.HikariDataSource       : HikariPool-1 - Shutdown completed.
2025-09-12 15:32:13.663  INFO 13653 --- [           main] o.apache.catalina.core.StandardService   : Stopping service [Tomcat]
2025-09-12 15:32:13.669  INFO 13653 --- [           main] ConditionEvaluationReportLoggingListener : 

Error starting ApplicationContext. To display the conditions report re-run your application with 'debug' enabled.
2025-09-12 15:32:13.679 ERROR 13653 --- [           main] o.s.boot.SpringApplication               : Application run failed

org.springframework.context.ApplicationContextException: Failed to start bean 'webServerStartStop'; nested exception is org.springframework.boot.web.server.WebServerException: Unable to start embedded Tomcat server
	at org.springframework.context.support.DefaultLifecycleProcessor.doStart(DefaultLifecycleProcessor.java:181) ~[spring-context-5.3.22.jar:5.3.22]
	at org.springframework.context.support.DefaultLifecycleProcessor.access$200(DefaultLifecycleProcessor.java:54) ~[spring-context-5.3.22.jar:5.3.22]
	at org.springframework.context.support.DefaultLifecycleProcessor$LifecycleGroup.start(DefaultLifecycleProcessor.java:356) ~[spring-context-5.3.22.jar:5.3.22]
	at java.base/java.lang.Iterable.forEach(Iterable.java:75) ~[na:na]
	at org.springframework.context.support.DefaultLifecycleProcessor.startBeans(DefaultLifecycleProcessor.java:155) ~[spring-context-5.3.22.jar:5.3.22]
	at org.springframework.context.support.DefaultLifecycleProcessor.onRefresh(DefaultLifecycleProcessor.java:123) ~[spring-context-5.3.22.jar:5.3.22]
	at org.springframework.context.support.AbstractApplicationContext.finishRefresh(AbstractApplicationContext.java:935) ~[spring-context-5.3.22.jar:5.3.22]
	at org.springframework.context.support.AbstractApplicationContext.refresh(AbstractApplicationContext.java:586) ~[spring-context-5.3.22.jar:5.3.22]
	at org.springframework.boot.web.servlet.context.ServletWebServerApplicationContext.refresh(ServletWebServerApplicationContext.java:147) ~[spring-boot-2.7.3.jar:2.7.3]
	at org.springframework.boot.SpringApplication.refresh(SpringApplication.java:734) ~[spring-boot-2.7.3.jar:2.7.3]
	at org.springframework.boot.SpringApplication.refreshContext(SpringApplication.java:408) ~[spring-boot-2.7.3.jar:2.7.3]
	at org.springframework.boot.SpringApplication.run(SpringApplication.java:308) ~[spring-boot-2.7.3.jar:2.7.3]
	at org.springframework.boot.SpringApplication.run(SpringApplication.java:1306) ~[spring-boot-2.7.3.jar:2.7.3]
	at org.springframework.boot.SpringApplication.run(SpringApplication.java:1295) ~[spring-boot-2.7.3.jar:2.7.3]
	at com.openclassrooms.mddapi.MddApiApplication.main(MddApiApplication.java:11) ~[classes/:na]
Caused by: org.springframework.boot.web.server.WebServerException: Unable to start embedded Tomcat server
	at org.springframework.boot.web.embedded.tomcat.TomcatWebServer.start(TomcatWebServer.java:229) ~[spring-boot-2.7.3.jar:2.7.3]
	at org.springframework.boot.web.servlet.context.WebServerStartStopLifecycle.start(WebServerStartStopLifecycle.java:43) ~[spring-boot-2.7.3.jar:2.7.3]
	at org.springframework.context.support.DefaultLifecycleProcessor.doStart(DefaultLifecycleProcessor.java:178) ~[spring-context-5.3.22.jar:5.3.22]
	... 14 common frames omitted
Caused by: java.lang.IllegalArgumentException: standardService.connector.startFailed
	at org.apache.catalina.core.StandardService.addConnector(StandardService.java:238) ~[tomcat-embed-core-9.0.65.jar:9.0.65]
	at org.springframework.boot.web.embedded.tomcat.TomcatWebServer.addPreviouslyRemovedConnectors(TomcatWebServer.java:282) ~[spring-boot-2.7.3.jar:2.7.3]
	at org.springframework.boot.web.embedded.tomcat.TomcatWebServer.start(TomcatWebServer.java:213) ~[spring-boot-2.7.3.jar:2.7.3]
	... 16 common frames omitted
Caused by: org.apache.catalina.LifecycleException: Protocol handler start failed
	at org.apache.catalina.connector.Connector.startInternal(Connector.java:1077) ~[tomcat-embed-core-9.0.65.jar:9.0.65]
	at org.apache.catalina.util.LifecycleBase.start(LifecycleBase.java:183) ~[tomcat-embed-core-9.0.65.jar:9.0.65]
	at org.apache.catalina.core.StandardService.addConnector(StandardService.java:234) ~[tomcat-embed-core-9.0.65.jar:9.0.65]
	... 18 common frames omitted
Caused by: java.net.BindException: Adresse déjà utilisée
	at java.base/sun.nio.ch.Net.bind0(Native Method) ~[na:na]
	at java.base/sun.nio.ch.Net.bind(Net.java:565) ~[na:na]
	at java.base/sun.nio.ch.ServerSocketChannelImpl.netBind(ServerSocketChannelImpl.java:344) ~[na:na]
	at java.base/sun.nio.ch.ServerSocketChannelImpl.bind(ServerSocketChannelImpl.java:301) ~[na:na]
	at org.apache.tomcat.util.net.NioEndpoint.initServerSocket(NioEndpoint.java:275) ~[tomcat-embed-core-9.0.65.jar:9.0.65]
	at org.apache.tomcat.util.net.NioEndpoint.bind(NioEndpoint.java:230) ~[tomcat-embed-core-9.0.65.jar:9.0.65]
	at org.apache.tomcat.util.net.AbstractEndpoint.bindWithCleanup(AbstractEndpoint.java:1227) ~[tomcat-embed-core-9.0.65.jar:9.0.65]
	at org.apache.tomcat.util.net.AbstractEndpoint.start(AbstractEndpoint.java:1313) ~[tomcat-embed-core-9.0.65.jar:9.0.65]
	at org.apache.coyote.AbstractProtocol.start(AbstractProtocol.java:614) ~[tomcat-embed-core-9.0.65.jar:9.0.65]
	at org.apache.catalina.connector.Connector.startInternal(Connector.java:1074) ~[tomcat-embed-core-9.0.65.jar:9.0.65]
	... 20 common frames omitted

[INFO] ------------------------------------------------------------------------
[INFO] BUILD FAILURE
[INFO] ------------------------------------------------------------------------
[INFO] Total time:  4.015 s
[INFO] Finished at: 2025-09-12T15:32:13+02:00
[INFO] ------------------------------------------------------------------------
[ERROR] Failed to execute goal org.springframework.boot:spring-boot-maven-plugin:2.7.3:run (default-cli) on project mdd-api: Application finished with exit code: 1 -> [Help 1]
[ERROR] 
[ERROR] To see the full stack trace of the errors, re-run Maven with the -e switch.
[ERROR] Re-run Maven using the -X switch to enable full debug logging.
[ERROR] 
[ERROR] For more information about the errors and possible solutions, please read the following articles:
[ERROR] [Help 1] http://cwiki.apache.org/confluence/display/MAVEN/MojoExecutionException
